<?xml version="1.0" encoding="UTF-8"?>
<testsuite name="org.zerock.board.repository.ReplyRepositoryTests" tests="1" skipped="0" failures="0" errors="0" timestamp="2022-06-20T09:00:12" hostname="DESKTOP-T6C7OE3" time="0.253">
  <properties/>
  <testcase name="testListByBoard()" classname="org.zerock.board.repository.ReplyRepositoryTests" time="0.253"/>
  <system-out><![CDATA[18:00:06.646 [Test worker] DEBUG org.springframework.test.context.BootstrapUtils - Instantiating CacheAwareContextLoaderDelegate from class [org.springframework.test.context.cache.DefaultCacheAwareContextLoaderDelegate]
18:00:06.661 [Test worker] DEBUG org.springframework.test.context.BootstrapUtils - Instantiating BootstrapContext using constructor [public org.springframework.test.context.support.DefaultBootstrapContext(java.lang.Class,org.springframework.test.context.CacheAwareContextLoaderDelegate)]
18:00:06.693 [Test worker] DEBUG org.springframework.test.context.BootstrapUtils - Instantiating TestContextBootstrapper for test class [org.zerock.board.repository.ReplyRepositoryTests] from class [org.springframework.boot.test.context.SpringBootTestContextBootstrapper]
18:00:06.708 [Test worker] INFO org.springframework.boot.test.context.SpringBootTestContextBootstrapper - Neither @ContextConfiguration nor @ContextHierarchy found for test class [org.zerock.board.repository.ReplyRepositoryTests], using SpringBootContextLoader
18:00:06.724 [Test worker] DEBUG org.springframework.test.context.support.AbstractContextLoader - Did not detect default resource location for test class [org.zerock.board.repository.ReplyRepositoryTests]: class path resource [org/zerock/board/repository/ReplyRepositoryTests-context.xml] does not exist
18:00:06.724 [Test worker] DEBUG org.springframework.test.context.support.AbstractContextLoader - Did not detect default resource location for test class [org.zerock.board.repository.ReplyRepositoryTests]: class path resource [org/zerock/board/repository/ReplyRepositoryTestsContext.groovy] does not exist
18:00:06.724 [Test worker] INFO org.springframework.test.context.support.AbstractContextLoader - Could not detect default resource locations for test class [org.zerock.board.repository.ReplyRepositoryTests]: no resource found for suffixes {-context.xml, Context.groovy}.
18:00:06.724 [Test worker] INFO org.springframework.test.context.support.AnnotationConfigContextLoaderUtils - Could not detect default configuration classes for test class [org.zerock.board.repository.ReplyRepositoryTests]: ReplyRepositoryTests does not declare any static, non-private, non-final, nested classes annotated with @Configuration.
18:00:06.786 [Test worker] DEBUG org.springframework.test.context.support.ActiveProfilesUtils - Could not find an 'annotation declaring class' for annotation type [org.springframework.test.context.ActiveProfiles] and class [org.zerock.board.repository.ReplyRepositoryTests]
18:00:06.865 [Test worker] DEBUG org.springframework.context.annotation.ClassPathScanningCandidateComponentProvider - Identified candidate component class: file [C:\spring_workspace\board\build\classes\java\main\org\zerock\board\BoardApplication.class]
18:00:06.865 [Test worker] INFO org.springframework.boot.test.context.SpringBootTestContextBootstrapper - Found @SpringBootConfiguration org.zerock.board.BoardApplication for test class org.zerock.board.repository.ReplyRepositoryTests
18:00:06.974 [Test worker] DEBUG org.springframework.boot.test.context.SpringBootTestContextBootstrapper - @TestExecutionListeners is not present for class [org.zerock.board.repository.ReplyRepositoryTests]: using defaults.
18:00:06.974 [Test worker] INFO org.springframework.boot.test.context.SpringBootTestContextBootstrapper - Loaded default TestExecutionListener class names from location [META-INF/spring.factories]: [org.springframework.boot.test.autoconfigure.restdocs.RestDocsTestExecutionListener, org.springframework.boot.test.autoconfigure.web.client.MockRestServiceServerResetTestExecutionListener, org.springframework.boot.test.autoconfigure.web.servlet.MockMvcPrintOnlyOnFailureTestExecutionListener, org.springframework.boot.test.autoconfigure.web.servlet.WebDriverTestExecutionListener, org.springframework.boot.test.autoconfigure.webservices.client.MockWebServiceServerTestExecutionListener, org.springframework.boot.test.mock.mockito.MockitoTestExecutionListener, org.springframework.boot.test.mock.mockito.ResetMocksTestExecutionListener, org.springframework.test.context.web.ServletTestExecutionListener, org.springframework.test.context.support.DirtiesContextBeforeModesTestExecutionListener, org.springframework.test.context.event.ApplicationEventsTestExecutionListener, org.springframework.test.context.support.DependencyInjectionTestExecutionListener, org.springframework.test.context.support.DirtiesContextTestExecutionListener, org.springframework.test.context.transaction.TransactionalTestExecutionListener, org.springframework.test.context.jdbc.SqlScriptsTestExecutionListener, org.springframework.test.context.event.EventPublishingTestExecutionListener]
18:00:07.005 [Test worker] INFO org.springframework.boot.test.context.SpringBootTestContextBootstrapper - Using TestExecutionListeners: [org.springframework.test.context.web.ServletTestExecutionListener@50b0bc4c, org.springframework.test.context.support.DirtiesContextBeforeModesTestExecutionListener@c20be82, org.springframework.test.context.event.ApplicationEventsTestExecutionListener@13c612bd, org.springframework.boot.test.mock.mockito.MockitoTestExecutionListener@3ef41c66, org.springframework.boot.test.autoconfigure.SpringBootDependencyInjectionTestExecutionListener@6b739528, org.springframework.test.context.support.DirtiesContextTestExecutionListener@622ef26a, org.springframework.test.context.transaction.TransactionalTestExecutionListener@41de5768, org.springframework.test.context.jdbc.SqlScriptsTestExecutionListener@5f577419, org.springframework.test.context.event.EventPublishingTestExecutionListener@28fa700e, org.springframework.boot.test.autoconfigure.restdocs.RestDocsTestExecutionListener@3d526ad9, org.springframework.boot.test.autoconfigure.web.client.MockRestServiceServerResetTestExecutionListener@e041f0c, org.springframework.boot.test.autoconfigure.web.servlet.MockMvcPrintOnlyOnFailureTestExecutionListener@6a175569, org.springframework.boot.test.autoconfigure.web.servlet.WebDriverTestExecutionListener@11963225, org.springframework.boot.test.autoconfigure.webservices.client.MockWebServiceServerTestExecutionListener@3f3c966c, org.springframework.boot.test.mock.mockito.ResetMocksTestExecutionListener@11ee02f8]
18:00:07.005 [Test worker] DEBUG org.springframework.test.context.support.AbstractDirtiesContextTestExecutionListener - Before test class: context [DefaultTestContext@1bb9aa43 testClass = ReplyRepositoryTests, testInstance = [null], testMethod = [null], testException = [null], mergedContextConfiguration = [WebMergedContextConfiguration@420bc288 testClass = ReplyRepositoryTests, locations = '{}', classes = '{class org.zerock.board.BoardApplication}', contextInitializerClasses = '[]', activeProfiles = '{}', propertySourceLocations = '{}', propertySourceProperties = '{org.springframework.boot.test.context.SpringBootTestContextBootstrapper=true}', contextCustomizers = set[org.springframework.boot.test.autoconfigure.actuate.metrics.MetricsExportContextCustomizerFactory$DisableMetricExportContextCustomizer@dcfda20, org.springframework.boot.test.autoconfigure.properties.PropertyMappingContextCustomizer@0, org.springframework.boot.test.autoconfigure.web.servlet.WebDriverContextCustomizerFactory$Customizer@3dddefd8, org.springframework.boot.test.context.filter.ExcludeFilterContextCustomizer@5316e95f, org.springframework.boot.test.json.DuplicateJsonObjectContextCustomizerFactory$DuplicateJsonObjectContextCustomizer@13c3c1e1, org.springframework.boot.test.mock.mockito.MockitoContextCustomizer@0, org.springframework.boot.test.web.client.TestRestTemplateContextCustomizer@5827af16, org.springframework.boot.test.context.SpringBootTestArgs@1, org.springframework.boot.test.context.SpringBootTestWebEnvironment@dc9876b], resourceBasePath = 'src/main/webapp', contextLoader = 'org.springframework.boot.test.context.SpringBootContextLoader', parent = [null]], attributes = map['org.springframework.test.context.web.ServletTestExecutionListener.activateListener' -> true]], class annotated with @DirtiesContext [false] with mode [null].

  .   ____          _            __ _ _
 /\\ / ___'_ __ _ _(_)_ __  __ _ \ \ \ \
( ( )\___ | '_ | '_| | '_ \/ _` | \ \ \ \
 \\/  ___)| |_)| | | | | || (_| |  ) ) ) )
  '  |____| .__|_| |_|_| |_\__, | / / / /
 =========|_|==============|___/=/_/_/_/
 :: Spring Boot ::                (v2.7.0)

2022-06-20 18:00:07.380  INFO 23088 --- [    Test worker] o.z.b.repository.ReplyRepositoryTests    : Starting ReplyRepositoryTests using Java 11.0.15.1 on DESKTOP-T6C7OE3 with PID 23088 (started by user in C:\spring_workspace\board)
2022-06-20 18:00:07.380  INFO 23088 --- [    Test worker] o.z.b.repository.ReplyRepositoryTests    : No active profile set, falling back to 1 default profile: "default"
2022-06-20 18:00:08.240  INFO 23088 --- [    Test worker] .s.d.r.c.RepositoryConfigurationDelegate : Bootstrapping Spring Data JPA repositories in DEFAULT mode.
2022-06-20 18:00:08.334  INFO 23088 --- [    Test worker] .s.d.r.c.RepositoryConfigurationDelegate : Finished Spring Data repository scanning in 85 ms. Found 3 JPA repository interfaces.
2022-06-20 18:00:09.219  INFO 23088 --- [    Test worker] o.hibernate.jpa.internal.util.LogHelper  : HHH000204: Processing PersistenceUnitInfo [name: default]
2022-06-20 18:00:09.297  INFO 23088 --- [    Test worker] org.hibernate.Version                    : HHH000412: Hibernate ORM core version 5.6.9.Final
2022-06-20 18:00:09.500  INFO 23088 --- [    Test worker] o.hibernate.annotations.common.Version   : HCANN000001: Hibernate Commons Annotations {5.1.2.Final}
2022-06-20 18:00:09.672  INFO 23088 --- [    Test worker] com.zaxxer.hikari.HikariDataSource       : HikariPool-1 - Starting...
2022-06-20 18:00:09.781  INFO 23088 --- [    Test worker] com.zaxxer.hikari.HikariDataSource       : HikariPool-1 - Start completed.
2022-06-20 18:00:09.828  INFO 23088 --- [    Test worker] org.hibernate.dialect.Dialect            : HHH000400: Using dialect: org.hibernate.dialect.MariaDB103Dialect
2022-06-20 18:00:10.672  INFO 23088 --- [    Test worker] o.h.e.t.j.p.i.JtaPlatformInitiator       : HHH000490: Using JtaPlatform implementation: [org.hibernate.engine.transaction.jta.platform.internal.NoJtaPlatform]
2022-06-20 18:00:10.687  INFO 23088 --- [    Test worker] j.LocalContainerEntityManagerFactoryBean : Initialized JPA EntityManagerFactory for persistence unit 'default'
2022-06-20 18:00:11.829  WARN 23088 --- [    Test worker] JpaBaseConfiguration$JpaWebConfiguration : spring.jpa.open-in-view is enabled by default. Therefore, database queries may be performed during view rendering. Explicitly configure spring.jpa.open-in-view to disable this warning
2022-06-20 18:00:12.282  INFO 23088 --- [    Test worker] o.s.b.a.w.s.WelcomePageHandlerMapping    : Adding welcome page: class path resource [static/index.html]
2022-06-20 18:00:12.813  INFO 23088 --- [    Test worker] o.z.b.repository.ReplyRepositoryTests    : Started ReplyRepositoryTests in 5.765 seconds (JVM running for 7.216)
Hibernate: 
    select
        reply0_.rno as rno1_2_,
        reply0_.moddate as moddate2_2_,
        reply0_.regdate as regdate3_2_,
        reply0_.board_bno as board_bn6_2_,
        reply0_.replyer as replyer4_2_,
        reply0_.text as text5_2_ 
    from
        reply reply0_ 
    where
        reply0_.board_bno=? 
    order by
        reply0_.rno asc
Reply(rno=267, text=Reply......267, replyer=guest)
]]></system-out>
  <system-err><![CDATA[]]></system-err>
</testsuite>
